2023-03-04 20:32:12.870 INFO  com.example.demo.config.DemoApplication                  :51
                [32m                  [0;39m Starting DemoApplication using Java 17.0.6 with PID 1200 (C:\Users\lizhuofeng\Desktop\demo\target\classes started by lizhuofeng in C:\Users\lizhuofeng\Desktop\demo)
2023-03-04 20:32:12.875 INFO  com.example.demo.config.DemoApplication                  :632
                [32m                  [0;39m No active profile set, falling back to 1 default profile: "default"
2023-03-04 20:32:14.062 INFO  o.s.boot.web.embedded.tomcat.TomcatWebServer      :108 
                [32m                  [0;39m Tomcat initialized with port(s): 8085 (http)
2023-03-04 20:32:14.081 INFO  org.apache.coyote.http11.Http11NioProtocol        :173 
                [32m                  [0;39m Initializing ProtocolHandler ["http-nio-8085"]
2023-03-04 20:32:14.082 INFO  org.apache.catalina.core.StandardService          :173 
                [32m                  [0;39m Starting service [Tomcat]
2023-03-04 20:32:14.083 INFO  org.apache.catalina.core.StandardEngine           :173 
                [32m                  [0;39m Starting Servlet engine: [Apache Tomcat/10.1.5]
2023-03-04 20:32:14.199 INFO  o.a.c.core.ContainerBase.[Tomcat].[localhost].[/] :173 
                [32m                  [0;39m Initializing Spring embedded WebApplicationContext
2023-03-04 20:32:14.201 INFO  o.s.b.w.s.c.ServletWebServerApplicationContext    :291 
                [32m                  [0;39m Root WebApplicationContext: initialization completed in 1254 ms
2023-03-04 20:32:14.720 INFO  org.apache.coyote.http11.Http11NioProtocol        :173 
                [32m                  [0;39m Starting ProtocolHandler ["http-nio-8085"]
2023-03-04 20:32:14.753 INFO  o.s.boot.web.embedded.tomcat.TomcatWebServer      :220 
                [32m                  [0;39m Tomcat started on port(s): 8085 (http) with context path ''
2023-03-04 20:32:14.765 INFO  com.example.demo.config.DemoApplication                  :57
                [32m                  [0;39m Started DemoApplication in 2.614 seconds (process running for 3.318)
2023-03-04 20:32:14.769 INFO  com.example.demo.config.DemoApplication                  :17
                [32m                  [0;39m set up successful
2023-03-04 20:32:14.770 INFO  com.example.demo.config.DemoApplication                  :18
                [32m                  [0;39m address: 	http://localhost:null
2023-03-04 20:34:15.386 INFO  com.example.demo.config.DemoApplication                  :51
                [32m                  [0;39m Starting DemoApplication using Java 17.0.6 with PID 21412 (C:\Users\lizhuofeng\Desktop\demo\target\classes started by lizhuofeng in C:\Users\lizhuofeng\Desktop\demo)
2023-03-04 20:34:15.390 INFO  com.example.demo.config.DemoApplication                  :632
                [32m                  [0;39m No active profile set, falling back to 1 default profile: "default"
2023-03-04 20:34:16.253 INFO  o.s.boot.web.embedded.tomcat.TomcatWebServer      :108 
                [32m                  [0;39m Tomcat initialized with port(s): 8080 (http)
2023-03-04 20:34:16.262 INFO  org.apache.coyote.http11.Http11NioProtocol        :173 
                [32m                  [0;39m Initializing ProtocolHandler ["http-nio-8080"]
2023-03-04 20:34:16.264 INFO  org.apache.catalina.core.StandardService          :173 
                [32m                  [0;39m Starting service [Tomcat]
2023-03-04 20:34:16.264 INFO  org.apache.catalina.core.StandardEngine           :173 
                [32m                  [0;39m Starting Servlet engine: [Apache Tomcat/10.1.5]
2023-03-04 20:34:16.362 INFO  o.a.c.core.ContainerBase.[Tomcat].[localhost].[/] :173 
                [32m                  [0;39m Initializing Spring embedded WebApplicationContext
2023-03-04 20:34:16.362 INFO  o.s.b.w.s.c.ServletWebServerApplicationContext    :291 
                [32m                  [0;39m Root WebApplicationContext: initialization completed in 937 ms
2023-03-04 20:34:16.688 INFO  org.apache.coyote.http11.Http11NioProtocol        :173 
                [32m                  [0;39m Starting ProtocolHandler ["http-nio-8080"]
2023-03-04 20:34:16.692 WARN  o.s.b.w.s.c.AnnotationConfigServletWebServerApplicationContext:592 
                [32m                  [0;39m Exception encountered during context initialization - cancelling refresh attempt: org.springframework.context.ApplicationContextException: Failed to start bean 'webServerStartStop'
2023-03-04 20:34:16.695 INFO  org.apache.coyote.http11.Http11NioProtocol        :173 
                [32m                  [0;39m Pausing ProtocolHandler ["http-nio-8080"]
2023-03-04 20:34:16.696 INFO  org.apache.catalina.core.StandardService          :173 
                [32m                  [0;39m Stopping service [Tomcat]
2023-03-04 20:34:16.701 INFO  org.apache.coyote.http11.Http11NioProtocol        :173 
                [32m                  [0;39m Stopping ProtocolHandler ["http-nio-8080"]
2023-03-04 20:34:16.702 INFO  org.apache.coyote.http11.Http11NioProtocol        :173 
                [32m                  [0;39m Destroying ProtocolHandler ["http-nio-8080"]
2023-03-04 20:34:16.708 INFO  o.s.b.a.logging.ConditionEvaluationReportLogger   :82  
                [32m                  [0;39m 

Error starting ApplicationContext. To display the condition evaluation report re-run your application with 'debug' enabled.
2023-03-04 20:34:16.724 ERROR o.s.b.diagnostics.LoggingFailureAnalysisReporter  :40  
                [32m                  [0;39m 

***************************
APPLICATION FAILED TO START
***************************

Description:

Web server failed to start. Port 8080 was already in use.

Action:

Identify and stop the process that's listening on port 8080 or configure this application to listen on another port.

2023-03-04 20:36:26.606 INFO  com.example.demo.config.DemoApplication                  :51
                [32m                  [0;39m Starting DemoApplication using Java 17.0.6 with PID 6536 (C:\Users\lizhuofeng\Desktop\demo\target\classes started by lizhuofeng in C:\Users\lizhuofeng\Desktop\demo)
2023-03-04 20:36:26.609 INFO  com.example.demo.config.DemoApplication                  :632
                [32m                  [0;39m No active profile set, falling back to 1 default profile: "default"
2023-03-04 20:36:27.365 INFO  o.s.boot.web.embedded.tomcat.TomcatWebServer      :108 
                [32m                  [0;39m Tomcat initialized with port(s): 8081 (http)
2023-03-04 20:36:27.374 INFO  org.apache.coyote.http11.Http11NioProtocol        :173 
                [32m                  [0;39m Initializing ProtocolHandler ["http-nio-8081"]
2023-03-04 20:36:27.376 INFO  org.apache.catalina.core.StandardService          :173 
                [32m                  [0;39m Starting service [Tomcat]
2023-03-04 20:36:27.376 INFO  org.apache.catalina.core.StandardEngine           :173 
                [32m                  [0;39m Starting Servlet engine: [Apache Tomcat/10.1.5]
2023-03-04 20:36:27.479 INFO  o.a.c.core.ContainerBase.[Tomcat].[localhost].[/] :173 
                [32m                  [0;39m Initializing Spring embedded WebApplicationContext
2023-03-04 20:36:27.479 INFO  o.s.b.w.s.c.ServletWebServerApplicationContext    :291 
                [32m                  [0;39m Root WebApplicationContext: initialization completed in 832 ms
2023-03-04 20:36:27.777 INFO  org.apache.coyote.http11.Http11NioProtocol        :173 
                [32m                  [0;39m Starting ProtocolHandler ["http-nio-8081"]
2023-03-04 20:36:27.806 INFO  o.s.boot.web.embedded.tomcat.TomcatWebServer      :220 
                [32m                  [0;39m Tomcat started on port(s): 8081 (http) with context path ''
2023-03-04 20:36:27.813 INFO  com.example.demo.config.DemoApplication                  :57
                [32m                  [0;39m Started DemoApplication in 1.834 seconds (process running for 2.421)
2023-03-04 20:36:27.816 INFO  com.example.demo.config.DemoApplication                  :17
                [32m                  [0;39m set up successful
2023-03-04 20:36:27.817 INFO  com.example.demo.config.DemoApplication                  :18
                [32m                  [0;39m address: 	http://:127.0.0.1:null
2023-03-04 20:37:13.249 INFO  com.example.demo.config.DemoApplication                  :51
                [32m                  [0;39m Starting DemoApplication using Java 17.0.6 with PID 7316 (C:\Users\lizhuofeng\Desktop\demo\target\classes started by lizhuofeng in C:\Users\lizhuofeng\Desktop\demo)
2023-03-04 20:37:13.252 INFO  com.example.demo.config.DemoApplication                  :632
                [32m                  [0;39m No active profile set, falling back to 1 default profile: "default"
2023-03-04 20:37:14.034 INFO  o.s.boot.web.embedded.tomcat.TomcatWebServer      :108 
                [32m                  [0;39m Tomcat initialized with port(s): 8081 (http)
2023-03-04 20:37:14.043 INFO  org.apache.coyote.http11.Http11NioProtocol        :173 
                [32m                  [0;39m Initializing ProtocolHandler ["http-nio-8081"]
2023-03-04 20:37:14.044 INFO  org.apache.catalina.core.StandardService          :173 
                [32m                  [0;39m Starting service [Tomcat]
2023-03-04 20:37:14.045 INFO  org.apache.catalina.core.StandardEngine           :173 
                [32m                  [0;39m Starting Servlet engine: [Apache Tomcat/10.1.5]
2023-03-04 20:37:14.144 INFO  o.a.c.core.ContainerBase.[Tomcat].[localhost].[/] :173 
                [32m                  [0;39m Initializing Spring embedded WebApplicationContext
2023-03-04 20:37:14.144 INFO  o.s.b.w.s.c.ServletWebServerApplicationContext    :291 
                [32m                  [0;39m Root WebApplicationContext: initialization completed in 844 ms
2023-03-04 20:37:14.486 INFO  org.apache.coyote.http11.Http11NioProtocol        :173 
                [32m                  [0;39m Starting ProtocolHandler ["http-nio-8081"]
2023-03-04 20:37:14.505 INFO  o.s.boot.web.embedded.tomcat.TomcatWebServer      :220 
                [32m                  [0;39m Tomcat started on port(s): 8081 (http) with context path ''
2023-03-04 20:37:14.515 INFO  com.example.demo.config.DemoApplication                  :57
                [32m                  [0;39m Started DemoApplication in 1.857 seconds (process running for 2.425)
2023-03-04 20:37:14.518 INFO  com.example.demo.config.DemoApplication                  :17
                [32m                  [0;39m set up successful
2023-03-04 20:37:14.518 INFO  com.example.demo.config.DemoApplication                  :18
                [32m                  [0;39m null
2023-03-04 20:37:34.345 INFO  com.example.demo.config.DemoApplication                  :51
                [32m                  [0;39m Starting DemoApplication using Java 17.0.6 with PID 9988 (C:\Users\lizhuofeng\Desktop\demo\target\classes started by lizhuofeng in C:\Users\lizhuofeng\Desktop\demo)
2023-03-04 20:37:34.347 INFO  com.example.demo.config.DemoApplication                  :632
                [32m                  [0;39m No active profile set, falling back to 1 default profile: "default"
2023-03-04 20:37:35.177 INFO  o.s.boot.web.embedded.tomcat.TomcatWebServer      :108 
                [32m                  [0;39m Tomcat initialized with port(s): 8081 (http)
2023-03-04 20:37:35.186 INFO  org.apache.coyote.http11.Http11NioProtocol        :173 
                [32m                  [0;39m Initializing ProtocolHandler ["http-nio-8081"]
2023-03-04 20:37:35.187 INFO  org.apache.catalina.core.StandardService          :173 
                [32m                  [0;39m Starting service [Tomcat]
2023-03-04 20:37:35.188 INFO  org.apache.catalina.core.StandardEngine           :173 
                [32m                  [0;39m Starting Servlet engine: [Apache Tomcat/10.1.5]
2023-03-04 20:37:35.287 INFO  o.a.c.core.ContainerBase.[Tomcat].[localhost].[/] :173 
                [32m                  [0;39m Initializing Spring embedded WebApplicationContext
2023-03-04 20:37:35.288 INFO  o.s.b.w.s.c.ServletWebServerApplicationContext    :291 
                [32m                  [0;39m Root WebApplicationContext: initialization completed in 897 ms
2023-03-04 20:37:35.613 INFO  org.apache.coyote.http11.Http11NioProtocol        :173 
                [32m                  [0;39m Starting ProtocolHandler ["http-nio-8081"]
2023-03-04 20:37:35.631 INFO  o.s.boot.web.embedded.tomcat.TomcatWebServer      :220 
                [32m                  [0;39m Tomcat started on port(s): 8081 (http) with context path ''
2023-03-04 20:37:35.639 INFO  com.example.demo.config.DemoApplication                  :57
                [32m                  [0;39m Started DemoApplication in 1.849 seconds (process running for 2.449)
2023-03-04 20:37:35.641 INFO  com.example.demo.config.DemoApplication                  :17
                [32m                  [0;39m set up successful
2023-03-04 20:37:35.641 INFO  com.example.demo.config.DemoApplication                  :18
                [32m                  [0;39m address: 	http://:127.0.0.1:8081
2023-03-04 20:38:17.271 INFO  com.example.demo.config.DemoApplication                  :51
                [32m                  [0;39m Starting DemoApplication using Java 17.0.6 with PID 8956 (C:\Users\lizhuofeng\Desktop\demo\target\classes started by lizhuofeng in C:\Users\lizhuofeng\Desktop\demo)
2023-03-04 20:38:17.274 INFO  com.example.demo.config.DemoApplication                  :632
                [32m                  [0;39m No active profile set, falling back to 1 default profile: "default"
2023-03-04 20:38:18.078 INFO  o.s.boot.web.embedded.tomcat.TomcatWebServer      :108 
                [32m                  [0;39m Tomcat initialized with port(s): 8081 (http)
2023-03-04 20:38:18.094 INFO  org.apache.coyote.http11.Http11NioProtocol        :173 
                [32m                  [0;39m Initializing ProtocolHandler ["http-nio-8081"]
2023-03-04 20:38:18.096 INFO  org.apache.catalina.core.StandardService          :173 
                [32m                  [0;39m Starting service [Tomcat]
2023-03-04 20:38:18.097 INFO  org.apache.catalina.core.StandardEngine           :173 
                [32m                  [0;39m Starting Servlet engine: [Apache Tomcat/10.1.5]
2023-03-04 20:38:18.188 INFO  o.a.c.core.ContainerBase.[Tomcat].[localhost].[/] :173 
                [32m                  [0;39m Initializing Spring embedded WebApplicationContext
2023-03-04 20:38:18.188 INFO  o.s.b.w.s.c.ServletWebServerApplicationContext    :291 
                [32m                  [0;39m Root WebApplicationContext: initialization completed in 878 ms
2023-03-04 20:38:18.469 INFO  org.apache.coyote.http11.Http11NioProtocol        :173 
                [32m                  [0;39m Starting ProtocolHandler ["http-nio-8081"]
2023-03-04 20:38:18.486 INFO  o.s.boot.web.embedded.tomcat.TomcatWebServer      :220 
                [32m                  [0;39m Tomcat started on port(s): 8081 (http) with context path ''
2023-03-04 20:38:18.494 INFO  com.example.demo.config.DemoApplication                  :57
                [32m                  [0;39m Started DemoApplication in 1.816 seconds (process running for 2.394)
2023-03-04 20:38:18.496 INFO  com.example.demo.config.DemoApplication                  :17
                [32m                  [0;39m set up successful
2023-03-04 20:38:18.496 INFO  com.example.demo.config.DemoApplication                  :18
                [32m                  [0;39m address: 	http://127.0.0.1:8081
2023-03-04 20:38:21.015 INFO  o.a.c.core.ContainerBase.[Tomcat].[localhost].[/] :173 
                [32m                  [0;39m Initializing Spring DispatcherServlet 'dispatcherServlet'
2023-03-04 20:38:21.015 INFO  org.springframework.web.servlet.DispatcherServlet :532 
                [32m                  [0;39m Initializing Servlet 'dispatcherServlet'
2023-03-04 20:38:21.017 INFO  org.springframework.web.servlet.DispatcherServlet :554 
                [32m                  [0;39m Completed initialization in 1 ms
2023-03-04 20:52:14.410 INFO  com.example.demo.config.DemoApplication           :51  
                [32m                  [0;39m Starting DemoApplication using Java 17.0.6 with PID 17680 (C:\Users\lizhuofeng\Desktop\demo\target\classes started by lizhuofeng in C:\Users\lizhuofeng\Desktop\demo)
2023-03-04 20:52:14.414 INFO  com.example.demo.config.DemoApplication           :632 
                [32m                  [0;39m No active profile set, falling back to 1 default profile: "default"
2023-03-04 20:52:15.454 INFO  o.s.boot.web.embedded.tomcat.TomcatWebServer      :108 
                [32m                  [0;39m Tomcat initialized with port(s): 8081 (http)
2023-03-04 20:52:15.469 INFO  org.apache.coyote.http11.Http11NioProtocol        :173 
                [32m                  [0;39m Initializing ProtocolHandler ["http-nio-8081"]
2023-03-04 20:52:15.470 INFO  org.apache.catalina.core.StandardService          :173 
                [32m                  [0;39m Starting service [Tomcat]
2023-03-04 20:52:15.471 INFO  org.apache.catalina.core.StandardEngine           :173 
                [32m                  [0;39m Starting Servlet engine: [Apache Tomcat/10.1.5]
2023-03-04 20:52:15.625 INFO  o.a.c.core.ContainerBase.[Tomcat].[localhost].[/] :173 
                [32m                  [0;39m Initializing Spring embedded WebApplicationContext
2023-03-04 20:52:15.625 INFO  o.s.b.w.s.c.ServletWebServerApplicationContext    :291 
                [32m                  [0;39m Root WebApplicationContext: initialization completed in 1138 ms
2023-03-04 20:52:16.040 INFO  org.apache.coyote.http11.Http11NioProtocol        :173 
                [32m                  [0;39m Starting ProtocolHandler ["http-nio-8081"]
2023-03-04 20:52:16.062 INFO  o.s.boot.web.embedded.tomcat.TomcatWebServer      :220 
                [32m                  [0;39m Tomcat started on port(s): 8081 (http) with context path ''
2023-03-04 20:52:16.071 INFO  com.example.demo.config.DemoApplication           :57  
                [32m                  [0;39m Started DemoApplication in 2.348 seconds (process running for 2.974)
2023-03-04 20:52:16.075 INFO  com.example.demo.config.DemoApplication           :19  
                [32m                  [0;39m set up successful
2023-03-04 20:52:16.076 INFO  com.example.demo.config.DemoApplication           :20  
                [32m                  [0;39m address: 	http://127.0.0.1:8081
2023-03-04 20:56:20.620 INFO  o.a.c.core.ContainerBase.[Tomcat].[localhost].[/] :173 
                [32m                  [0;39m Initializing Spring DispatcherServlet 'dispatcherServlet'
2023-03-04 20:56:20.620 INFO  org.springframework.web.servlet.DispatcherServlet :532 
                [32m                  [0;39m Initializing Servlet 'dispatcherServlet'
2023-03-04 20:56:20.621 INFO  org.springframework.web.servlet.DispatcherServlet :554 
                [32m                  [0;39m Completed initialization in 0 ms
2023-03-04 21:34:53.546 INFO  com.example.demo.config.DemoApplication           :51  
                [32m                  [0;39m Starting DemoApplication using Java 17.0.6 with PID 4148 (C:\Users\lizhuofeng\Desktop\demo\target\classes started by lizhuofeng in C:\Users\lizhuofeng\Desktop\demo)
2023-03-04 21:34:53.552 INFO  com.example.demo.config.DemoApplication           :632 
                [32m                  [0;39m No active profile set, falling back to 1 default profile: "default"
2023-03-04 21:34:54.422 INFO  o.s.boot.web.embedded.tomcat.TomcatWebServer      :108 
                [32m                  [0;39m Tomcat initialized with port(s): 8081 (http)
2023-03-04 21:34:54.431 INFO  org.apache.coyote.http11.Http11NioProtocol        :173 
                [32m                  [0;39m Initializing ProtocolHandler ["http-nio-8081"]
2023-03-04 21:34:54.433 INFO  org.apache.catalina.core.StandardService          :173 
                [32m                  [0;39m Starting service [Tomcat]
2023-03-04 21:34:54.433 INFO  org.apache.catalina.core.StandardEngine           :173 
                [32m                  [0;39m Starting Servlet engine: [Apache Tomcat/10.1.5]
2023-03-04 21:34:54.516 INFO  o.a.c.core.ContainerBase.[Tomcat].[localhost].[/] :173 
                [32m                  [0;39m Initializing Spring embedded WebApplicationContext
2023-03-04 21:34:54.517 INFO  o.s.b.w.s.c.ServletWebServerApplicationContext    :291 
                [32m                  [0;39m Root WebApplicationContext: initialization completed in 918 ms
2023-03-04 21:34:54.866 INFO  org.apache.coyote.http11.Http11NioProtocol        :173 
                [32m                  [0;39m Starting ProtocolHandler ["http-nio-8081"]
2023-03-04 21:34:54.891 INFO  o.s.boot.web.embedded.tomcat.TomcatWebServer      :220 
                [32m                  [0;39m Tomcat started on port(s): 8081 (http) with context path ''
2023-03-04 21:34:54.899 INFO  com.example.demo.config.DemoApplication           :57  
                [32m                  [0;39m Started DemoApplication in 2.175 seconds (process running for 2.804)
2023-03-04 21:34:54.901 INFO  com.example.demo.config.DemoApplication           :19  
                [32m                  [0;39m set up successful
2023-03-04 21:34:54.902 INFO  com.example.demo.config.DemoApplication           :20  
                [32m                  [0;39m address: 	http://127.0.0.1:8081
2023-03-04 21:35:14.438 INFO  o.a.c.core.ContainerBase.[Tomcat].[localhost].[/] :173 
                [32m                  [0;39m Initializing Spring DispatcherServlet 'dispatcherServlet'
2023-03-04 21:35:14.439 INFO  org.springframework.web.servlet.DispatcherServlet :532 
                [32m                  [0;39m Initializing Servlet 'dispatcherServlet'
2023-03-04 21:35:14.441 INFO  org.springframework.web.servlet.DispatcherServlet :554 
                [32m                  [0;39m Completed initialization in 0 ms
2023-03-04 21:52:56.110 INFO  com.example.demo.config.DemoApplication           :51  
                [32m                  [0;39m Starting DemoApplication using Java 17.0.6 with PID 3224 (C:\Users\lizhuofeng\Desktop\demo\target\classes started by lizhuofeng in C:\Users\lizhuofeng\Desktop\demo)
2023-03-04 21:52:56.113 INFO  com.example.demo.config.DemoApplication           :632 
                [32m                  [0;39m No active profile set, falling back to 1 default profile: "default"
2023-03-04 21:52:56.164 INFO  o.s.b.d.env.DevToolsPropertyDefaultsPostProcessor :250 
                [32m                  [0;39m Devtools property defaults active! Set 'spring.devtools.add-properties' to 'false' to disable
2023-03-04 21:52:56.165 INFO  o.s.b.d.env.DevToolsPropertyDefaultsPostProcessor :250 
                [32m                  [0;39m For additional web related logging consider setting the 'logging.level.web' property to 'DEBUG'
2023-03-04 21:52:57.261 INFO  o.s.boot.web.embedded.tomcat.TomcatWebServer      :108 
                [32m                  [0;39m Tomcat initialized with port(s): 8081 (http)
2023-03-04 21:52:57.272 INFO  org.apache.coyote.http11.Http11NioProtocol        :173 
                [32m                  [0;39m Initializing ProtocolHandler ["http-nio-8081"]
2023-03-04 21:52:57.273 INFO  org.apache.catalina.core.StandardService          :173 
                [32m                  [0;39m Starting service [Tomcat]
2023-03-04 21:52:57.273 INFO  org.apache.catalina.core.StandardEngine           :173 
                [32m                  [0;39m Starting Servlet engine: [Apache Tomcat/10.1.5]
2023-03-04 21:52:57.362 INFO  o.a.c.core.ContainerBase.[Tomcat].[localhost].[/] :173 
                [32m                  [0;39m Initializing Spring embedded WebApplicationContext
2023-03-04 21:52:57.362 INFO  o.s.b.w.s.c.ServletWebServerApplicationContext    :291 
                [32m                  [0;39m Root WebApplicationContext: initialization completed in 1196 ms
2023-03-04 21:52:57.742 INFO  o.s.b.d.autoconfigure.OptionalLiveReloadServer    :59  
                [32m                  [0;39m LiveReload server is running on port 35729
2023-03-04 21:52:57.755 INFO  org.apache.coyote.http11.Http11NioProtocol        :173 
                [32m                  [0;39m Starting ProtocolHandler ["http-nio-8081"]
2023-03-04 21:52:57.772 INFO  o.s.boot.web.embedded.tomcat.TomcatWebServer      :220 
                [32m                  [0;39m Tomcat started on port(s): 8081 (http) with context path ''
2023-03-04 21:52:57.780 INFO  com.example.demo.config.DemoApplication           :57  
                [32m                  [0;39m Started DemoApplication in 2.35 seconds (process running for 2.942)
2023-03-04 21:52:57.784 INFO  com.example.demo.config.DemoApplication           :19  
                [32m                  [0;39m set up successful
2023-03-04 21:52:57.784 INFO  com.example.demo.config.DemoApplication           :20  
                [32m                  [0;39m address: 	http://127.0.0.1:8081
2023-03-04 21:53:03.686 INFO  o.a.c.core.ContainerBase.[Tomcat].[localhost].[/] :173 
                [32m                  [0;39m Initializing Spring DispatcherServlet 'dispatcherServlet'
2023-03-04 21:53:03.688 INFO  org.springframework.web.servlet.DispatcherServlet :532 
                [32m                  [0;39m Initializing Servlet 'dispatcherServlet'
2023-03-04 21:53:03.690 INFO  org.springframework.web.servlet.DispatcherServlet :554 
                [32m                  [0;39m Completed initialization in 2 ms
2023-03-04 21:54:26.617 INFO  o.s.b.d.a.LocalDevToolsAutoConfiguration$RestartingClassPathChangeChangedEventListener:211 
                [32m                  [0;39m Restarting due to 6 class path changes (0 additions, 2 deletions, 4 modifications)
2023-03-04 21:54:26.638 INFO  org.apache.coyote.http11.Http11NioProtocol        :173 
                [32m                  [0;39m Pausing ProtocolHandler ["http-nio-8081"]
2023-03-04 21:54:26.639 INFO  org.apache.catalina.core.StandardService          :173 
                [32m                  [0;39m Stopping service [Tomcat]
2023-03-04 21:54:26.641 INFO  o.a.c.core.ContainerBase.[Tomcat].[localhost].[/] :173 
                [32m                  [0;39m Destroying Spring FrameworkServlet 'dispatcherServlet'
2023-03-04 21:54:26.651 INFO  org.apache.coyote.http11.Http11NioProtocol        :173 
                [32m                  [0;39m Stopping ProtocolHandler ["http-nio-8081"]
2023-03-04 21:54:26.657 INFO  org.apache.coyote.http11.Http11NioProtocol        :173 
                [32m                  [0;39m Destroying ProtocolHandler ["http-nio-8081"]
2023-03-04 21:54:26.767 INFO  com.example.demo.config.DemoApplication           :51  
                [32m                  [0;39m Starting DemoApplication using Java 17.0.6 with PID 3224 (C:\Users\lizhuofeng\Desktop\demo\target\classes started by lizhuofeng in C:\Users\lizhuofeng\Desktop\demo)
2023-03-04 21:54:26.768 INFO  com.example.demo.config.DemoApplication           :632 
                [32m                  [0;39m No active profile set, falling back to 1 default profile: "default"
2023-03-04 21:54:27.091 INFO  o.s.boot.web.embedded.tomcat.TomcatWebServer      :108 
                [32m                  [0;39m Tomcat initialized with port(s): 8081 (http)
2023-03-04 21:54:27.092 INFO  org.apache.coyote.http11.Http11NioProtocol        :173 
                [32m                  [0;39m Initializing ProtocolHandler ["http-nio-8081"]
2023-03-04 21:54:27.093 INFO  org.apache.catalina.core.StandardService          :173 
                [32m                  [0;39m Starting service [Tomcat]
2023-03-04 21:54:27.093 INFO  org.apache.catalina.core.StandardEngine           :173 
                [32m                  [0;39m Starting Servlet engine: [Apache Tomcat/10.1.5]
2023-03-04 21:54:27.112 INFO  o.a.c.core.ContainerBase.[Tomcat].[localhost].[/] :173 
                [32m                  [0;39m Initializing Spring embedded WebApplicationContext
2023-03-04 21:54:27.113 INFO  o.s.b.w.s.c.ServletWebServerApplicationContext    :291 
                [32m                  [0;39m Root WebApplicationContext: initialization completed in 340 ms
2023-03-04 21:54:27.203 INFO  o.s.b.d.autoconfigure.OptionalLiveReloadServer    :59  
                [32m                  [0;39m LiveReload server is running on port 35729
2023-03-04 21:54:27.210 INFO  org.apache.coyote.http11.Http11NioProtocol        :173 
                [32m                  [0;39m Starting ProtocolHandler ["http-nio-8081"]
2023-03-04 21:54:27.215 INFO  o.s.boot.web.embedded.tomcat.TomcatWebServer      :220 
                [32m                  [0;39m Tomcat started on port(s): 8081 (http) with context path ''
2023-03-04 21:54:27.218 INFO  com.example.demo.config.DemoApplication           :57  
                [32m                  [0;39m Started DemoApplication in 0.5 seconds (process running for 92.38)
2023-03-04 21:54:27.221 INFO  o.s.b.d.a.ConditionEvaluationDeltaLoggingListener :63  
                [32m                  [0;39m Condition evaluation unchanged
2023-03-04 21:54:27.222 INFO  com.example.demo.config.DemoApplication           :19  
                [32m                  [0;39m set up successful
2023-03-04 21:54:27.223 INFO  com.example.demo.config.DemoApplication           :20  
                [32m                  [0;39m address: 	http://127.0.0.1:8081
2023-03-04 21:54:28.633 INFO  o.s.b.d.a.LocalDevToolsAutoConfiguration$RestartingClassPathChangeChangedEventListener:211 
                [32m                  [0;39m Restarting due to 2 class path changes (2 additions, 0 deletions, 0 modifications)
2023-03-04 21:54:28.649 INFO  org.apache.coyote.http11.Http11NioProtocol        :173 
                [32m                  [0;39m Pausing ProtocolHandler ["http-nio-8081"]
2023-03-04 21:54:28.650 INFO  org.apache.catalina.core.StandardService          :173 
                [32m                  [0;39m Stopping service [Tomcat]
2023-03-04 21:54:28.653 INFO  org.apache.coyote.http11.Http11NioProtocol        :173 
                [32m                  [0;39m Stopping ProtocolHandler ["http-nio-8081"]
2023-03-04 21:54:28.656 INFO  org.apache.coyote.http11.Http11NioProtocol        :173 
                [32m                  [0;39m Destroying ProtocolHandler ["http-nio-8081"]
2023-03-04 21:54:28.782 INFO  com.example.demo.config.DemoApplication           :51  
                [32m                  [0;39m Starting DemoApplication using Java 17.0.6 with PID 3224 (C:\Users\lizhuofeng\Desktop\demo\target\classes started by lizhuofeng in C:\Users\lizhuofeng\Desktop\demo)
2023-03-04 21:54:28.782 INFO  com.example.demo.config.DemoApplication           :632 
                [32m                  [0;39m No active profile set, falling back to 1 default profile: "default"
2023-03-04 21:54:29.039 INFO  o.s.boot.web.embedded.tomcat.TomcatWebServer      :108 
                [32m                  [0;39m Tomcat initialized with port(s): 8081 (http)
2023-03-04 21:54:29.040 INFO  org.apache.coyote.http11.Http11NioProtocol        :173 
                [32m                  [0;39m Initializing ProtocolHandler ["http-nio-8081"]
2023-03-04 21:54:29.041 INFO  org.apache.catalina.core.StandardService          :173 
                [32m                  [0;39m Starting service [Tomcat]
2023-03-04 21:54:29.041 INFO  org.apache.catalina.core.StandardEngine           :173 
                [32m                  [0;39m Starting Servlet engine: [Apache Tomcat/10.1.5]
2023-03-04 21:54:29.065 INFO  o.a.c.core.ContainerBase.[Tomcat].[localhost].[/] :173 
                [32m                  [0;39m Initializing Spring embedded WebApplicationContext
2023-03-04 21:54:29.066 INFO  o.s.b.w.s.c.ServletWebServerApplicationContext    :291 
                [32m                  [0;39m Root WebApplicationContext: initialization completed in 281 ms
2023-03-04 21:54:29.136 INFO  o.s.b.d.autoconfigure.OptionalLiveReloadServer    :59  
                [32m                  [0;39m LiveReload server is running on port 35729
2023-03-04 21:54:29.140 INFO  org.apache.coyote.http11.Http11NioProtocol        :173 
                [32m                  [0;39m Starting ProtocolHandler ["http-nio-8081"]
2023-03-04 21:54:29.145 INFO  o.s.boot.web.embedded.tomcat.TomcatWebServer      :220 
                [32m                  [0;39m Tomcat started on port(s): 8081 (http) with context path ''
2023-03-04 21:54:29.147 INFO  com.example.demo.config.DemoApplication           :57  
                [32m                  [0;39m Started DemoApplication in 0.413 seconds (process running for 94.309)
2023-03-04 21:54:29.148 INFO  o.s.b.d.a.ConditionEvaluationDeltaLoggingListener :63  
                [32m                  [0;39m Condition evaluation unchanged
2023-03-04 21:54:29.150 INFO  com.example.demo.config.DemoApplication           :19  
                [32m                  [0;39m set up successful
2023-03-04 21:54:29.151 INFO  com.example.demo.config.DemoApplication           :20  
                [32m                  [0;39m address: 	http://127.0.0.1:8081
2023-03-04 21:55:54.759 INFO  o.a.c.core.ContainerBase.[Tomcat].[localhost].[/] :173 
                [32m                  [0;39m Initializing Spring DispatcherServlet 'dispatcherServlet'
2023-03-04 21:55:54.760 INFO  org.springframework.web.servlet.DispatcherServlet :532 
                [32m                  [0;39m Initializing Servlet 'dispatcherServlet'
2023-03-04 21:55:54.760 INFO  org.springframework.web.servlet.DispatcherServlet :554 
                [32m                  [0;39m Completed initialization in 0 ms
