2023-03-07 11:54:24.927 INFO  com.example.demo.config.DemoApplication           :51  
                [32m                  [0;39m Starting DemoApplication using Java 17.0.6 with PID 2380 (C:\Users\lizhuofeng\Desktop\demo\target\classes started by lizhuofeng in C:\Users\lizhuofeng\Desktop\demo)
2023-03-07 11:54:24.935 INFO  com.example.demo.config.DemoApplication           :632 
                [32m                  [0;39m No active profile set, falling back to 1 default profile: "default"
2023-03-07 11:54:25.033 INFO  o.s.b.d.env.DevToolsPropertyDefaultsPostProcessor :250 
                [32m                  [0;39m Devtools property defaults active! Set 'spring.devtools.add-properties' to 'false' to disable
2023-03-07 11:54:25.035 INFO  o.s.b.d.env.DevToolsPropertyDefaultsPostProcessor :250 
                [32m                  [0;39m For additional web related logging consider setting the 'logging.level.web' property to 'DEBUG'
2023-03-07 11:54:26.759 INFO  o.s.boot.web.embedded.tomcat.TomcatWebServer      :108 
                [32m                  [0;39m Tomcat initialized with port(s): 8081 (http)
2023-03-07 11:54:26.777 INFO  org.apache.coyote.http11.Http11NioProtocol        :173 
                [32m                  [0;39m Initializing ProtocolHandler ["http-nio-8081"]
2023-03-07 11:54:26.779 INFO  org.apache.catalina.core.StandardService          :173 
                [32m                  [0;39m Starting service [Tomcat]
2023-03-07 11:54:26.780 INFO  org.apache.catalina.core.StandardEngine           :173 
                [32m                  [0;39m Starting Servlet engine: [Apache Tomcat/10.1.5]
2023-03-07 11:54:26.860 INFO  o.a.c.core.ContainerBase.[Tomcat].[localhost].[/] :173 
                [32m                  [0;39m Initializing Spring embedded WebApplicationContext
2023-03-07 11:54:26.861 INFO  o.s.b.w.s.c.ServletWebServerApplicationContext    :291 
                [32m                  [0;39m Root WebApplicationContext: initialization completed in 1824 ms
2023-03-07 11:54:27.741 INFO  o.s.b.d.autoconfigure.OptionalLiveReloadServer    :59  
                [32m                  [0;39m LiveReload server is running on port 35729
2023-03-07 11:54:27.760 INFO  org.apache.coyote.http11.Http11NioProtocol        :173 
                [32m                  [0;39m Starting ProtocolHandler ["http-nio-8081"]
2023-03-07 11:54:27.790 INFO  o.s.boot.web.embedded.tomcat.TomcatWebServer      :220 
                [32m                  [0;39m Tomcat started on port(s): 8081 (http) with context path ''
2023-03-07 11:54:27.802 INFO  com.example.demo.config.DemoApplication           :57  
                [32m                  [0;39m Started DemoApplication in 3.803 seconds (process running for 4.855)
2023-03-07 11:54:27.805 INFO  com.example.demo.config.DemoApplication           :21  
                [32m                  [0;39m set up successful
2023-03-07 11:54:27.805 INFO  com.example.demo.config.DemoApplication           :22  
                [32m                  [0;39m address: 	http://127.0.0.1:8081
2023-03-07 11:54:32.334 INFO  o.a.c.core.ContainerBase.[Tomcat].[localhost].[/] :173 
                [32m                  [0;39m Initializing Spring DispatcherServlet 'dispatcherServlet'
2023-03-07 11:54:32.335 INFO  org.springframework.web.servlet.DispatcherServlet :532 
                [32m                  [0;39m Initializing Servlet 'dispatcherServlet'
2023-03-07 11:54:32.338 INFO  org.springframework.web.servlet.DispatcherServlet :554 
                [32m                  [0;39m Completed initialization in 2 ms
2023-03-07 11:54:32.459 INFO  com.zaxxer.hikari.HikariDataSource                :110 
                [32m                  [0;39m HikariPool-1 - Starting...
2023-03-07 11:54:33.045 INFO  com.zaxxer.hikari.pool.HikariPool                 :565 
                [32m                  [0;39m HikariPool-1 - Added connection com.mysql.cj.jdbc.ConnectionImpl@2853404a
2023-03-07 11:54:33.050 INFO  com.zaxxer.hikari.HikariDataSource                :123 
                [32m                  [0;39m HikariPool-1 - Start completed.
2023-03-07 11:55:50.468 INFO  o.s.b.d.a.LocalDevToolsAutoConfiguration$RestartingClassPathChangeChangedEventListener:211 
                [32m                  [0;39m Restarting due to 1 class path change (0 additions, 1 deletion, 0 modifications)
2023-03-07 11:55:50.494 INFO  org.apache.coyote.http11.Http11NioProtocol        :173 
                [32m                  [0;39m Pausing ProtocolHandler ["http-nio-8081"]
2023-03-07 11:55:50.495 INFO  org.apache.catalina.core.StandardService          :173 
                [32m                  [0;39m Stopping service [Tomcat]
2023-03-07 11:55:50.497 INFO  o.a.c.core.ContainerBase.[Tomcat].[localhost].[/] :173 
                [32m                  [0;39m Destroying Spring FrameworkServlet 'dispatcherServlet'
2023-03-07 11:55:50.505 WARN  org.apache.catalina.loader.WebappClassLoaderBase  :173 
                [32m                  [0;39m The web application [ROOT] appears to have started a thread named [HikariPool-1 housekeeper] but has failed to stop it. This is very likely to create a memory leak. Stack trace of thread:
 java.base@17.0.6/jdk.internal.misc.Unsafe.park(Native Method)
 java.base@17.0.6/java.util.concurrent.locks.LockSupport.parkNanos(LockSupport.java:252)
 java.base@17.0.6/java.util.concurrent.locks.AbstractQueuedSynchronizer$ConditionObject.awaitNanos(AbstractQueuedSynchronizer.java:1672)
 java.base@17.0.6/java.util.concurrent.ScheduledThreadPoolExecutor$DelayedWorkQueue.take(ScheduledThreadPoolExecutor.java:1182)
 java.base@17.0.6/java.util.concurrent.ScheduledThreadPoolExecutor$DelayedWorkQueue.take(ScheduledThreadPoolExecutor.java:899)
 java.base@17.0.6/java.util.concurrent.ThreadPoolExecutor.getTask(ThreadPoolExecutor.java:1062)
 java.base@17.0.6/java.util.concurrent.ThreadPoolExecutor.runWorker(ThreadPoolExecutor.java:1122)
 java.base@17.0.6/java.util.concurrent.ThreadPoolExecutor$Worker.run(ThreadPoolExecutor.java:635)
 java.base@17.0.6/java.lang.Thread.run(Thread.java:833)
2023-03-07 11:55:50.507 INFO  org.apache.coyote.http11.Http11NioProtocol        :173 
                [32m                  [0;39m Stopping ProtocolHandler ["http-nio-8081"]
2023-03-07 11:55:50.512 INFO  org.apache.coyote.http11.Http11NioProtocol        :173 
                [32m                  [0;39m Destroying ProtocolHandler ["http-nio-8081"]
2023-03-07 11:55:50.520 INFO  com.zaxxer.hikari.HikariDataSource                :350 
                [32m                  [0;39m HikariPool-1 - Shutdown initiated...
2023-03-07 11:55:50.540 INFO  com.zaxxer.hikari.HikariDataSource                :352 
                [32m                  [0;39m HikariPool-1 - Shutdown completed.
2023-03-07 11:55:50.677 INFO  com.example.demo.config.DemoApplication           :51  
                [32m                  [0;39m Starting DemoApplication using Java 17.0.6 with PID 2380 (C:\Users\lizhuofeng\Desktop\demo\target\classes started by lizhuofeng in C:\Users\lizhuofeng\Desktop\demo)
2023-03-07 11:55:50.678 INFO  com.example.demo.config.DemoApplication           :632 
                [32m                  [0;39m No active profile set, falling back to 1 default profile: "default"
2023-03-07 11:55:51.139 INFO  o.s.boot.web.embedded.tomcat.TomcatWebServer      :108 
                [32m                  [0;39m Tomcat initialized with port(s): 8081 (http)
2023-03-07 11:55:51.140 INFO  org.apache.coyote.http11.Http11NioProtocol        :173 
                [32m                  [0;39m Initializing ProtocolHandler ["http-nio-8081"]
2023-03-07 11:55:51.141 INFO  org.apache.catalina.core.StandardService          :173 
                [32m                  [0;39m Starting service [Tomcat]
2023-03-07 11:55:51.141 INFO  org.apache.catalina.core.StandardEngine           :173 
                [32m                  [0;39m Starting Servlet engine: [Apache Tomcat/10.1.5]
2023-03-07 11:55:51.178 INFO  o.a.c.core.ContainerBase.[Tomcat].[localhost].[/] :173 
                [32m                  [0;39m Initializing Spring embedded WebApplicationContext
2023-03-07 11:55:51.179 INFO  o.s.b.w.s.c.ServletWebServerApplicationContext    :291 
                [32m                  [0;39m Root WebApplicationContext: initialization completed in 494 ms
2023-03-07 11:55:51.449 INFO  o.s.b.d.autoconfigure.OptionalLiveReloadServer    :59  
                [32m                  [0;39m LiveReload server is running on port 35729
2023-03-07 11:55:51.465 INFO  org.apache.coyote.http11.Http11NioProtocol        :173 
                [32m                  [0;39m Starting ProtocolHandler ["http-nio-8081"]
2023-03-07 11:55:51.483 INFO  o.s.boot.web.embedded.tomcat.TomcatWebServer      :220 
                [32m                  [0;39m Tomcat started on port(s): 8081 (http) with context path ''
2023-03-07 11:55:51.491 INFO  com.example.demo.config.DemoApplication           :57  
                [32m                  [0;39m Started DemoApplication in 0.881 seconds (process running for 88.544)
2023-03-07 11:55:51.495 INFO  o.s.b.d.a.ConditionEvaluationDeltaLoggingListener :63  
                [32m                  [0;39m Condition evaluation unchanged
2023-03-07 11:55:51.496 INFO  com.example.demo.config.DemoApplication           :21  
                [32m                  [0;39m set up successful
2023-03-07 11:55:51.497 INFO  com.example.demo.config.DemoApplication           :22  
                [32m                  [0;39m address: 	http://127.0.0.1:8081
2023-03-07 11:55:52.907 INFO  o.s.b.d.a.LocalDevToolsAutoConfiguration$RestartingClassPathChangeChangedEventListener:211 
                [32m                  [0;39m Restarting due to 1 class path change (1 addition, 0 deletions, 0 modifications)
2023-03-07 11:55:52.923 INFO  org.apache.coyote.http11.Http11NioProtocol        :173 
                [32m                  [0;39m Pausing ProtocolHandler ["http-nio-8081"]
2023-03-07 11:55:52.924 INFO  org.apache.catalina.core.StandardService          :173 
                [32m                  [0;39m Stopping service [Tomcat]
2023-03-07 11:55:52.928 INFO  org.apache.coyote.http11.Http11NioProtocol        :173 
                [32m                  [0;39m Stopping ProtocolHandler ["http-nio-8081"]
2023-03-07 11:55:52.929 INFO  org.apache.coyote.http11.Http11NioProtocol        :173 
                [32m                  [0;39m Destroying ProtocolHandler ["http-nio-8081"]
2023-03-07 11:55:53.055 INFO  com.example.demo.config.DemoApplication           :51  
                [32m                  [0;39m Starting DemoApplication using Java 17.0.6 with PID 2380 (C:\Users\lizhuofeng\Desktop\demo\target\classes started by lizhuofeng in C:\Users\lizhuofeng\Desktop\demo)
2023-03-07 11:55:53.056 INFO  com.example.demo.config.DemoApplication           :632 
                [32m                  [0;39m No active profile set, falling back to 1 default profile: "default"
2023-03-07 11:55:53.460 INFO  o.s.boot.web.embedded.tomcat.TomcatWebServer      :108 
                [32m                  [0;39m Tomcat initialized with port(s): 8081 (http)
2023-03-07 11:55:53.461 INFO  org.apache.coyote.http11.Http11NioProtocol        :173 
                [32m                  [0;39m Initializing ProtocolHandler ["http-nio-8081"]
2023-03-07 11:55:53.462 INFO  org.apache.catalina.core.StandardService          :173 
                [32m                  [0;39m Starting service [Tomcat]
2023-03-07 11:55:53.462 INFO  org.apache.catalina.core.StandardEngine           :173 
                [32m                  [0;39m Starting Servlet engine: [Apache Tomcat/10.1.5]
2023-03-07 11:55:53.486 INFO  o.a.c.core.ContainerBase.[Tomcat].[localhost].[/] :173 
                [32m                  [0;39m Initializing Spring embedded WebApplicationContext
2023-03-07 11:55:53.487 INFO  o.s.b.w.s.c.ServletWebServerApplicationContext    :291 
                [32m                  [0;39m Root WebApplicationContext: initialization completed in 428 ms
2023-03-07 11:55:53.689 INFO  o.s.b.d.autoconfigure.OptionalLiveReloadServer    :59  
                [32m                  [0;39m LiveReload server is running on port 35729
2023-03-07 11:55:53.701 INFO  org.apache.coyote.http11.Http11NioProtocol        :173 
                [32m                  [0;39m Starting ProtocolHandler ["http-nio-8081"]
2023-03-07 11:55:53.716 INFO  o.s.boot.web.embedded.tomcat.TomcatWebServer      :220 
                [32m                  [0;39m Tomcat started on port(s): 8081 (http) with context path ''
2023-03-07 11:55:53.720 INFO  com.example.demo.config.DemoApplication           :57  
                [32m                  [0;39m Started DemoApplication in 0.718 seconds (process running for 90.774)
2023-03-07 11:55:53.722 INFO  o.s.b.d.a.ConditionEvaluationDeltaLoggingListener :63  
                [32m                  [0;39m Condition evaluation unchanged
2023-03-07 11:55:53.724 INFO  com.example.demo.config.DemoApplication           :21  
                [32m                  [0;39m set up successful
2023-03-07 11:55:53.724 INFO  com.example.demo.config.DemoApplication           :22  
                [32m                  [0;39m address: 	http://127.0.0.1:8081
